<?xml version="1.0" encoding="UTF-8"?>
<testsuite name="com.kyle.gearhart.MabatakiJavaSpringApplicationTests" tests="1" skipped="0" failures="0" errors="0" timestamp="2016-04-10T10:51:23" hostname="0x6D746873" time="0.0">
  <properties/>
  <testcase name="contextLoads" classname="com.kyle.gearhart.MabatakiJavaSpringApplicationTests" time="0.0"/>
  <system-out><![CDATA[19:51:21.976 [Test worker] DEBUG o.s.t.c.j.SpringJUnit4ClassRunner - SpringJUnit4ClassRunner constructor called with [class com.kyle.gearhart.MabatakiJavaSpringApplicationTests]
19:51:21.979 [Test worker] DEBUG o.s.test.context.BootstrapUtils - Instantiating CacheAwareContextLoaderDelegate from class [org.springframework.test.context.cache.DefaultCacheAwareContextLoaderDelegate]
19:51:21.983 [Test worker] DEBUG o.s.test.context.BootstrapUtils - Instantiating BootstrapContext using constructor [public org.springframework.test.context.support.DefaultBootstrapContext(java.lang.Class,org.springframework.test.context.CacheAwareContextLoaderDelegate)]
19:51:21.992 [Test worker] DEBUG o.s.test.context.BootstrapUtils - Instantiating TestContextBootstrapper for test class [com.kyle.gearhart.MabatakiJavaSpringApplicationTests] from class [org.springframework.test.context.web.WebTestContextBootstrapper]
19:51:22.008 [Test worker] DEBUG o.s.t.c.w.WebTestContextBootstrapper - Found explicit ContextLoader class [org.springframework.boot.test.SpringApplicationContextLoader] for context configuration attributes [ContextConfigurationAttributes@2f4159cf declaringClass = 'com.kyle.gearhart.MabatakiJavaSpringApplicationTests', classes = '{class com.kyle.gearhart.MabatakiJavaSpringApplication}', locations = '{}', inheritLocations = true, initializers = '{}', inheritInitializers = true, name = [null], contextLoaderClass = 'org.springframework.boot.test.SpringApplicationContextLoader']
19:51:22.013 [Test worker] DEBUG o.s.t.c.s.AbstractContextLoader - Did not detect default resource location for test class [com.kyle.gearhart.MabatakiJavaSpringApplicationTests]: class path resource [com/kyle/gearhart/MabatakiJavaSpringApplicationTests-context.xml] does not exist
19:51:22.013 [Test worker] DEBUG o.s.t.c.s.AbstractContextLoader - Did not detect default resource location for test class [com.kyle.gearhart.MabatakiJavaSpringApplicationTests]: class path resource [com/kyle/gearhart/MabatakiJavaSpringApplicationTestsContext.groovy] does not exist
19:51:22.014 [Test worker] INFO  o.s.t.c.s.AbstractContextLoader - Could not detect default resource locations for test class [com.kyle.gearhart.MabatakiJavaSpringApplicationTests]: no resource found for suffixes {-context.xml, Context.groovy}.
19:51:22.015 [Test worker] DEBUG o.s.t.c.support.ActiveProfilesUtils - Could not find an 'annotation declaring class' for annotation type [org.springframework.test.context.ActiveProfiles] and class [com.kyle.gearhart.MabatakiJavaSpringApplicationTests]
19:51:22.019 [Test worker] DEBUG o.s.t.c.w.WebTestContextBootstrapper - @TestExecutionListeners is not present for class [com.kyle.gearhart.MabatakiJavaSpringApplicationTests]: using defaults.
19:51:22.024 [Test worker] INFO  o.s.t.c.w.WebTestContextBootstrapper - Loaded default TestExecutionListener class names from location [META-INF/spring.factories]: [org.springframework.test.context.web.ServletTestExecutionListener, org.springframework.test.context.support.DirtiesContextBeforeModesTestExecutionListener, org.springframework.test.context.support.DependencyInjectionTestExecutionListener, org.springframework.test.context.support.DirtiesContextTestExecutionListener, org.springframework.test.context.transaction.TransactionalTestExecutionListener, org.springframework.test.context.jdbc.SqlScriptsTestExecutionListener]
19:51:22.030 [Test worker] INFO  o.s.t.c.w.WebTestContextBootstrapper - Could not instantiate TestExecutionListener [org.springframework.test.context.transaction.TransactionalTestExecutionListener]. Specify custom listener classes or make the default listener classes (and their required dependencies) available. Offending class: [org/springframework/transaction/interceptor/TransactionAttributeSource]
19:51:22.030 [Test worker] INFO  o.s.t.c.w.WebTestContextBootstrapper - Could not instantiate TestExecutionListener [org.springframework.test.context.jdbc.SqlScriptsTestExecutionListener]. Specify custom listener classes or make the default listener classes (and their required dependencies) available. Offending class: [org/springframework/transaction/interceptor/TransactionAttribute]
19:51:22.031 [Test worker] INFO  o.s.t.c.w.WebTestContextBootstrapper - Using TestExecutionListeners: [org.springframework.test.context.web.ServletTestExecutionListener@719a20e2, org.springframework.test.context.support.DirtiesContextBeforeModesTestExecutionListener@34987213, org.springframework.test.context.support.DependencyInjectionTestExecutionListener@1a98d07d, org.springframework.test.context.support.DirtiesContextTestExecutionListener@ffe5fe8]
19:51:22.033 [Test worker] DEBUG o.s.t.annotation.ProfileValueUtils - Retrieved @ProfileValueSourceConfiguration [null] for test class [com.kyle.gearhart.MabatakiJavaSpringApplicationTests]
19:51:22.034 [Test worker] DEBUG o.s.t.annotation.ProfileValueUtils - Retrieved ProfileValueSource type [class org.springframework.test.annotation.SystemProfileValueSource] for class [com.kyle.gearhart.MabatakiJavaSpringApplicationTests]
19:51:22.034 [Test worker] DEBUG o.s.t.annotation.ProfileValueUtils - Retrieved @ProfileValueSourceConfiguration [null] for test class [com.kyle.gearhart.MabatakiJavaSpringApplicationTests]
19:51:22.035 [Test worker] DEBUG o.s.t.annotation.ProfileValueUtils - Retrieved ProfileValueSource type [class org.springframework.test.annotation.SystemProfileValueSource] for class [com.kyle.gearhart.MabatakiJavaSpringApplicationTests]
19:51:22.037 [Test worker] DEBUG o.s.t.c.s.AbstractDirtiesContextTestExecutionListener - Before test class: context [DefaultTestContext@5f8e46a6 testClass = MabatakiJavaSpringApplicationTests, testInstance = [null], testMethod = [null], testException = [null], mergedContextConfiguration = [WebMergedContextConfiguration@3bff35da testClass = MabatakiJavaSpringApplicationTests, locations = '{}', classes = '{class com.kyle.gearhart.MabatakiJavaSpringApplication}', contextInitializerClasses = '[]', activeProfiles = '{}', propertySourceLocations = '{}', propertySourceProperties = '{}', resourceBasePath = 'src/main/webapp', contextLoader = 'org.springframework.boot.test.SpringApplicationContextLoader', parent = [null]]], class annotated with @DirtiesContext [false] with mode [null].
19:51:22.038 [Test worker] DEBUG o.s.t.annotation.ProfileValueUtils - Retrieved @ProfileValueSourceConfiguration [null] for test class [com.kyle.gearhart.MabatakiJavaSpringApplicationTests]
19:51:22.038 [Test worker] DEBUG o.s.t.annotation.ProfileValueUtils - Retrieved ProfileValueSource type [class org.springframework.test.annotation.SystemProfileValueSource] for class [com.kyle.gearhart.MabatakiJavaSpringApplicationTests]
19:51:22.090 [Test worker] DEBUG o.s.core.env.StandardEnvironment - Adding [systemProperties] PropertySource with lowest search precedence
19:51:22.091 [Test worker] DEBUG o.s.core.env.StandardEnvironment - Adding [systemEnvironment] PropertySource with lowest search precedence
19:51:22.091 [Test worker] DEBUG o.s.core.env.StandardEnvironment - Initialized StandardEnvironment with PropertySources [systemProperties,systemEnvironment]
19:51:22.092 [Test worker] DEBUG o.s.core.env.StandardEnvironment - Adding [integrationTest] PropertySource with search precedence immediately lower than [systemEnvironment]

  .   ____          _            __ _ _
 /\\ / ___'_ __ _ _(_)_ __  __ _ \ \ \ \
( ( )\___ | '_ | '_| | '_ \/ _` | \ \ \ \
 \\/  ___)| |_)| | | | | || (_| |  ) ) ) )
  '  |____| .__|_| |_|_| |_\__, | / / / /
 =========|_|==============|___/=/_/_/_/
 :: Spring Boot ::        (v1.3.3.RELEASE)

2016-04-10 19:51:22.283  INFO 57991 --- [    Test worker] c.k.g.MabatakiJavaSpringApplicationTests : Starting MabatakiJavaSpringApplicationTests on 0x6D746873 with PID 57991 (/Users/Vorenus/workspace/mabataki/java-spring-backend/build/classes/test started by Vorenus in /Users/Vorenus/workspace/mabataki/java-spring-backend)
2016-04-10 19:51:22.283  INFO 57991 --- [    Test worker] c.k.g.MabatakiJavaSpringApplicationTests : No active profile set, falling back to default profiles: default
2016-04-10 19:51:22.332  INFO 57991 --- [    Test worker] o.s.w.c.s.GenericWebApplicationContext   : Refreshing org.springframework.web.context.support.GenericWebApplicationContext@540d0c85: startup date [Sun Apr 10 19:51:22 JST 2016]; root of context hierarchy
2016-04-10 19:51:22.759  INFO 57991 --- [    Test worker] o.s.b.f.s.DefaultListableBeanFactory     : Overriding bean definition for bean 'beanNameViewResolver' with a different definition: replacing [Root bean: class [null]; scope=; abstract=false; lazyInit=false; autowireMode=3; dependencyCheck=0; autowireCandidate=true; primary=false; factoryBeanName=org.springframework.boot.autoconfigure.web.ErrorMvcAutoConfiguration$WhitelabelErrorViewConfiguration; factoryMethodName=beanNameViewResolver; initMethodName=null; destroyMethodName=(inferred); defined in class path resource [org/springframework/boot/autoconfigure/web/ErrorMvcAutoConfiguration$WhitelabelErrorViewConfiguration.class]] with [Root bean: class [null]; scope=; abstract=false; lazyInit=false; autowireMode=3; dependencyCheck=0; autowireCandidate=true; primary=false; factoryBeanName=org.springframework.boot.autoconfigure.web.WebMvcAutoConfiguration$WebMvcAutoConfigurationAdapter; factoryMethodName=beanNameViewResolver; initMethodName=null; destroyMethodName=(inferred); defined in class path resource [org/springframework/boot/autoconfigure/web/WebMvcAutoConfiguration$WebMvcAutoConfigurationAdapter.class]]
2016-04-10 19:51:23.387  INFO 57991 --- [    Test worker] s.w.s.m.m.a.RequestMappingHandlerAdapter : Looking for @ControllerAdvice: org.springframework.web.context.support.GenericWebApplicationContext@540d0c85: startup date [Sun Apr 10 19:51:22 JST 2016]; root of context hierarchy
2016-04-10 19:51:23.432  INFO 57991 --- [    Test worker] s.w.s.m.m.a.RequestMappingHandlerMapping : Mapped "{[/error]}" onto public org.springframework.http.ResponseEntity<java.util.Map<java.lang.String, java.lang.Object>> org.springframework.boot.autoconfigure.web.BasicErrorController.error(javax.servlet.http.HttpServletRequest)
2016-04-10 19:51:23.433  INFO 57991 --- [    Test worker] s.w.s.m.m.a.RequestMappingHandlerMapping : Mapped "{[/error],produces=[text/html]}" onto public org.springframework.web.servlet.ModelAndView org.springframework.boot.autoconfigure.web.BasicErrorController.errorHtml(javax.servlet.http.HttpServletRequest,javax.servlet.http.HttpServletResponse)
2016-04-10 19:51:23.456  INFO 57991 --- [    Test worker] o.s.w.s.handler.SimpleUrlHandlerMapping  : Mapped URL path [/webjars/**] onto handler of type [class org.springframework.web.servlet.resource.ResourceHttpRequestHandler]
2016-04-10 19:51:23.456  INFO 57991 --- [    Test worker] o.s.w.s.handler.SimpleUrlHandlerMapping  : Mapped URL path [/**] onto handler of type [class org.springframework.web.servlet.resource.ResourceHttpRequestHandler]
2016-04-10 19:51:23.478  INFO 57991 --- [    Test worker] o.s.w.s.handler.SimpleUrlHandlerMapping  : Mapped URL path [/**/favicon.ico] onto handler of type [class org.springframework.web.servlet.resource.ResourceHttpRequestHandler]
2016-04-10 19:51:23.553  INFO 57991 --- [    Test worker] c.k.g.MabatakiJavaSpringApplicationTests : Started MabatakiJavaSpringApplicationTests in 1.454 seconds (JVM running for 2.156)
]]></system-out>
  <system-err><![CDATA[]]></system-err>
</testsuite>
